Arguments: 
  /Users/rogerio/.nvm/versions/node/v10.15.3/bin/node /usr/local/Cellar/yarn/1.17.0/libexec/bin/yarn.js add @babel

PATH: 
  /Users/rogerio/.nvm/versions/node/v10.15.3/bin:/usr/local/bin:/usr/bin:/bin:/usr/sbin:/sbin:/Users/rogerio/.nvm/versions/node/v10.15.3/bin:/usr/local/mongodb/bin:/Users/rogerio/Library/Android/sdk/platform-tools:/Users/rogerio/Library/Android/sdk/emulator:/Users/rogerio/Library/Android/sdk/tools:/Users/rogerio/Library/Android/sdk/tools/bin:/usr/local/mongodb/bin:/Users/rogerio/Library/Android/sdk/platform-tools:/Users/rogerio/Library/Android/sdk/emulator:/Users/rogerio/Library/Android/sdk/tools:/Users/rogerio/Library/Android/sdk/tools/bin

Yarn version: 
  1.17.0

Node version: 
  10.15.3

Platform: 
  darwin x64

Trace: 
  Error: https://registry.yarnpkg.com/@babel: Request "https://registry.yarnpkg.com/@babel" returned a 405
      at Request.params.callback [as _callback] (/usr/local/Cellar/yarn/1.17.0/libexec/lib/cli.js:66832:18)
      at Request.self.callback (/usr/local/Cellar/yarn/1.17.0/libexec/lib/cli.js:140439:22)
      at Request.emit (events.js:189:13)
      at Request.<anonymous> (/usr/local/Cellar/yarn/1.17.0/libexec/lib/cli.js:141411:10)
      at Request.emit (events.js:189:13)
      at IncomingMessage.<anonymous> (/usr/local/Cellar/yarn/1.17.0/libexec/lib/cli.js:141333:12)
      at Object.onceWrapper (events.js:277:13)
      at IncomingMessage.emit (events.js:194:15)
      at endReadableNT (_stream_readable.js:1125:12)
      at process._tickCallback (internal/process/next_tick.js:63:19)

npm manifest: 
  {
    "name": "react-desafio04-introdu-o-ao-reactbootcamp-gostack-desafio-04",
    "version": "1.0.0",
    "main": "index.js",
    "repository": "https://github.com/pavandasilva/react-desafio04-introdu-o-ao-reactbootcamp-gostack-desafio-04.git",
    "license": "MIT"
  }

yarn manifest: 
  No manifest

Lockfile: 
  No lockfile
